Using pre-set license
Built from '2020.2/release' branch; Version is '2020.2.1f1 (270dd8c3da1c) revision 2559448'; Using compiler version '192528614'; Build Type 'Release'
OS: 'Windows 10  (10.0.0) 64bit' Language: 'en' Physical Memory: 16254 MB
BatchMode: 1, IsHumanControllingUs: 0, StartBugReporterOnCrash: 0, Is64bit: 1, IsPro: 0

 COMMAND LINE ARGUMENTS:
C:\Program Files\Unity\Hub\Editor\2020.2.1f1\Editor\Unity.exe
-adb2
-batchMode
-noUpm
-name
AssetImportWorker0
-projectPath
C:/Users/yoska/OneDrive/Documents/Borbs/Borbs
-logFile
Logs/AssetImportWorker0.log
-srvPort
55037
Successfully changed project path to: C:/Users/yoska/OneDrive/Documents/Borbs/Borbs
C:/Users/yoska/OneDrive/Documents/Borbs/Borbs
Using Asset Import Pipeline V2.
Refreshing native plugins compatible for Editor in 64.87 ms, found 0 plugins.
Preloading 0 native plugins for Editor in 0.00 ms.
Initialize engine version: 2020.2.1f1 (270dd8c3da1c)
[Subsystems] Discovering subsystems at path C:/Program Files/Unity/Hub/Editor/2020.2.1f1/Editor/Data/Resources/UnitySubsystems
[Subsystems] Discovering subsystems at path C:/Users/yoska/OneDrive/Documents/Borbs/Borbs/Assets
GfxDevice: creating device client; threaded=0
Direct3D:
    Version:  Direct3D 11.0 [level 11.1]
    Renderer: NVIDIA GeForce RTX 2070 (ID=0x1f02)
    Vendor:   
    VRAM:     8031 MB
    Driver:   27.21.14.6079
Initialize mono
Mono path[0] = 'C:/Program Files/Unity/Hub/Editor/2020.2.1f1/Editor/Data/Managed'
Mono path[1] = 'C:/Program Files/Unity/Hub/Editor/2020.2.1f1/Editor/Data/MonoBleedingEdge/lib/mono/unityjit'
Mono config path = 'C:/Program Files/Unity/Hub/Editor/2020.2.1f1/Editor/Data/MonoBleedingEdge/etc'
Using monoOptions --debugger-agent=transport=dt_socket,embedding=1,server=y,suspend=n,address=127.0.0.1:56276
Begin MonoManager ReloadAssembly
Registering precompiled unity dll's ...
Register platform support module: C:/Program Files/Unity/Hub/Editor/2020.2.1f1/Editor/Data/PlaybackEngines/WindowsStandaloneSupport/UnityEditor.WindowsStandalone.Extensions.dll
Registered in 0.001602 seconds.
Native extension for WindowsStandalone target not found
Refreshing native plugins compatible for Editor in 63.22 ms, found 0 plugins.
Preloading 0 native plugins for Editor in 0.00 ms.
Invoked RoslynAnalysisRunner static constructor.
RoslynAnalysisRunner will not be running.
RoslynAnalysisRunner has terminated.
Mono: successfully reloaded assembly
- Completed reload, in  1.007 seconds
Platform modules already initialized, skipping
Registering precompiled user dll's ...
Registered in 0.001442 seconds.
Begin MonoManager ReloadAssembly
Native extension for WindowsStandalone target not found
Refreshing native plugins compatible for Editor in 68.54 ms, found 0 plugins.
Preloading 0 native plugins for Editor in 0.00 ms.
Invoked RoslynAnalysisRunner static constructor.
RoslynAnalysisRunner will not be running.
RoslynAnalysisRunner has terminated.
Mono: successfully reloaded assembly
- Completed reload, in  1.158 seconds
Platform modules already initialized, skipping
========================================================================
Worker process is ready to serve import requests
Launched and connected shader compiler UnityShaderCompiler.exe after 0.03 seconds
Refreshing native plugins compatible for Editor in 0.46 ms, found 0 plugins.
Preloading 0 native plugins for Editor in 0.00 ms.
Unloading 3460 Unused Serialized files (Serialized files now loaded: 0)
System memory in use before: 167.1 MB.
System memory in use after: 163.6 MB.

Unloading 45 unused Assets to reduce memory usage. Loaded Objects now: 3884.
Total: 5.163500 ms (FindLiveObjects: 0.327800 ms CreateObjectMapping: 0.228700 ms MarkObjects: 1.956900 ms  DeleteObjects: 2.649000 ms)

========================================================================
Received Import Request.
  path: Assets/VFXDefaultResources.asset
  artifactKey: Guid(145290c901d58b343bdeb3b4362c9ff2) Importer(815301076,1909f56bfc062723c751e8b465ee728b)
Start importing Assets/VFXDefaultResources.asset using Guid(145290c901d58b343bdeb3b4362c9ff2) Importer(815301076,1909f56bfc062723c751e8b465ee728b)  -> (artifact id: '26c3c5ed4c46f39e656425c392f993b3') in 0.046377 seconds
  Import took 0.052841 seconds .

========================================================================
Received Import Request.
  Time since last request: 104.720630 seconds.
  path: Assets/Settings/Volumes/CinematicPhysicalCamera.asset
  artifactKey: Guid(59a34a3881431c246b3564a0f0ca5bb0) Importer(815301076,1909f56bfc062723c751e8b465ee728b)
Start importing Assets/Settings/Volumes/CinematicPhysicalCamera.asset using Guid(59a34a3881431c246b3564a0f0ca5bb0) Importer(815301076,1909f56bfc062723c751e8b465ee728b)  -> (artifact id: '3e06b888ffeb9ee4d6866c47622d3dfc') in 0.010597 seconds
  Import took 0.016341 seconds .

========================================================================
Received Import Request.
  Time since last request: 3.169322 seconds.
  path: Assets/Settings/Volumes/CinematicPhysicalCamera.asset
  artifactKey: Guid(59a34a3881431c246b3564a0f0ca5bb0) Importer(815301076,1909f56bfc062723c751e8b465ee728b)
Start importing Assets/Settings/Volumes/CinematicPhysicalCamera.asset using Guid(59a34a3881431c246b3564a0f0ca5bb0) Importer(815301076,1909f56bfc062723c751e8b465ee728b)  -> (artifact id: 'faed1f14db749607f6e2dd1b4b72429e') in 0.003330 seconds
  Import took 0.008066 seconds .

========================================================================
Received Import Request.
  Time since last request: 20.323536 seconds.
  path: Assets/Settings/Volumes/ScreenshotsTimelineProfile.asset
  artifactKey: Guid(03bc34b71695890468eb021c73b228db) Importer(815301076,1909f56bfc062723c751e8b465ee728b)
Start importing Assets/Settings/Volumes/ScreenshotsTimelineProfile.asset using Guid(03bc34b71695890468eb021c73b228db) Importer(815301076,1909f56bfc062723c751e8b465ee728b)  -> (artifact id: '042d5f57a90fe46ad1d0ae7267503952') in 0.006863 seconds
  Import took 0.011866 seconds .

========================================================================
Received Import Request.
  Time since last request: 0.003566 seconds.
  path: Assets/Settings/Volumes/ScreenshotsTimelineProfile.asset
  artifactKey: Guid(03bc34b71695890468eb021c73b228db) Importer(815301076,1909f56bfc062723c751e8b465ee728b)
Start importing Assets/Settings/Volumes/ScreenshotsTimelineProfile.asset using Guid(03bc34b71695890468eb021c73b228db) Importer(815301076,1909f56bfc062723c751e8b465ee728b)  -> (artifact id: '042d5f57a90fe46ad1d0ae7267503952') in 0.003198 seconds
  Import took 0.008009 seconds .

========================================================================
Received Import Request.
  Time since last request: 1.636130 seconds.
  path: Assets/Settings/Volumes/VolumeGlobal.asset
  artifactKey: Guid(7f342610b85f4164f808a1f380dcc668) Importer(815301076,1909f56bfc062723c751e8b465ee728b)
Start importing Assets/Settings/Volumes/VolumeGlobal.asset using Guid(7f342610b85f4164f808a1f380dcc668) Importer(815301076,1909f56bfc062723c751e8b465ee728b)  -> (artifact id: '1ebe95f3248eb9164ea314509d1173ce') in 0.006668 seconds
  Import took 0.011534 seconds .

========================================================================
Received Import Request.
  Time since last request: 0.006266 seconds.
  path: Assets/Settings/Volumes/VolumeGlobal.asset
  artifactKey: Guid(7f342610b85f4164f808a1f380dcc668) Importer(815301076,1909f56bfc062723c751e8b465ee728b)
Start importing Assets/Settings/Volumes/VolumeGlobal.asset using Guid(7f342610b85f4164f808a1f380dcc668) Importer(815301076,1909f56bfc062723c751e8b465ee728b)  -> (artifact id: '1ebe95f3248eb9164ea314509d1173ce') in 0.003254 seconds
  Import took 0.007427 seconds .

========================================================================
Received Import Request.
  Time since last request: 0.481768 seconds.
  path: Assets/Settings/Volumes/VolumeRoom3Sitting.asset
  artifactKey: Guid(7bca3a07cdd522c4c8020832c20b3eae) Importer(815301076,1909f56bfc062723c751e8b465ee728b)
Start importing Assets/Settings/Volumes/VolumeRoom3Sitting.asset using Guid(7bca3a07cdd522c4c8020832c20b3eae) Importer(815301076,1909f56bfc062723c751e8b465ee728b)  -> (artifact id: 'a43e86d6404937f62603c04d537f4672') in 0.006506 seconds
  Import took 0.011431 seconds .

========================================================================
Received Import Request.
  Time since last request: 0.004122 seconds.
  path: Assets/Settings/Volumes/VolumeRoom3Sitting.asset
  artifactKey: Guid(7bca3a07cdd522c4c8020832c20b3eae) Importer(815301076,1909f56bfc062723c751e8b465ee728b)
Start importing Assets/Settings/Volumes/VolumeRoom3Sitting.asset using Guid(7bca3a07cdd522c4c8020832c20b3eae) Importer(815301076,1909f56bfc062723c751e8b465ee728b)  -> (artifact id: 'a43e86d6404937f62603c04d537f4672') in 0.002581 seconds
  Import took 0.006876 seconds .

========================================================================
Received Import Request.
  Time since last request: 5.053193 seconds.
  path: Assets/Settings/HDRPHighQuality.asset
  artifactKey: Guid(36dd385e759c96147b6463dcd1149c11) Importer(815301076,1909f56bfc062723c751e8b465ee728b)
Start importing Assets/Settings/HDRPHighQuality.asset using Guid(36dd385e759c96147b6463dcd1149c11) Importer(815301076,1909f56bfc062723c751e8b465ee728b)  -> (artifact id: 'a65d825a2c5511720c15d4dabba753b6') in 0.006621 seconds
  Import took 0.011367 seconds .

========================================================================
Received Import Request.
  Time since last request: 0.024130 seconds.
  path: Assets/Settings/HDRPHighQuality.asset
  artifactKey: Guid(36dd385e759c96147b6463dcd1149c11) Importer(815301076,1909f56bfc062723c751e8b465ee728b)
Start importing Assets/Settings/HDRPHighQuality.asset using Guid(36dd385e759c96147b6463dcd1149c11) Importer(815301076,1909f56bfc062723c751e8b465ee728b)  -> (artifact id: 'a65d825a2c5511720c15d4dabba753b6') in 0.003879 seconds
  Import took 0.008408 seconds .

========================================================================
Received Import Request.
  Time since last request: 0.575639 seconds.
  path: Assets/Settings/HDRPLowQuality.asset
  artifactKey: Guid(168a2336534e4e043b2a210b6f8d379a) Importer(815301076,1909f56bfc062723c751e8b465ee728b)
Start importing Assets/Settings/HDRPLowQuality.asset using Guid(168a2336534e4e043b2a210b6f8d379a) Importer(815301076,1909f56bfc062723c751e8b465ee728b)  -> (artifact id: 'cf48e691868858c820c901e3930e5f94') in 0.005750 seconds
  Import took 0.010448 seconds .

========================================================================
Received Import Request.
  Time since last request: 17.328024 seconds.
  path: Assets/Scenes
  artifactKey: Guid(ccf45285c71b64646a6ab0f5804ca4b2) Importer(815301076,1909f56bfc062723c751e8b465ee728b)
Start importing Assets/Scenes using Guid(ccf45285c71b64646a6ab0f5804ca4b2) Importer(815301076,1909f56bfc062723c751e8b465ee728b)  -> (artifact id: '9e0d41d1000d4b3f8271c8a16a371ae9') in 0.119211 seconds
  Import took 0.249885 seconds .

========================================================================
Received Import Request.
  Time since last request: 5.881528 seconds.
  path: Assets/Animations
  artifactKey: Guid(a083f9776c2650d4c8b1058f9506505d) Importer(815301076,1909f56bfc062723c751e8b465ee728b)
Start importing Assets/Animations using Guid(a083f9776c2650d4c8b1058f9506505d) Importer(815301076,1909f56bfc062723c751e8b465ee728b)  -> (artifact id: '0059008dad08d18e504ad59f32ac229d') in 0.104400 seconds
  Import took 0.296950 seconds .

========================================================================
Received Import Request.
  Time since last request: 1.459331 seconds.
  path: Assets/Art
  artifactKey: Guid(5192db317307b1740bf2bd5db2e46958) Importer(815301076,1909f56bfc062723c751e8b465ee728b)
Start importing Assets/Art using Guid(5192db317307b1740bf2bd5db2e46958) Importer(815301076,1909f56bfc062723c751e8b465ee728b)  -> (artifact id: '76c4c20417fa593efd649bb4b288dbeb') in 0.019606 seconds
  Import took 0.272584 seconds .

========================================================================
Received Import Request.
  Time since last request: 1.260377 seconds.
  path: Assets/Art/Particles
  artifactKey: Guid(ae0270debb102ef439cdca8cf5c0aa81) Importer(815301076,1909f56bfc062723c751e8b465ee728b)
Start importing Assets/Art/Particles using Guid(ae0270debb102ef439cdca8cf5c0aa81) Importer(815301076,1909f56bfc062723c751e8b465ee728b)  -> (artifact id: 'fa4f47f94fe14ed624b10eefc2994931') in 0.096165 seconds
  Import took 0.152235 seconds .

========================================================================
Received Import Request.
  Time since last request: 2.581737 seconds.
  path: Assets/Art/Textures/General
  artifactKey: Guid(027d3c6d22dba24448790dc2b2405696) Importer(815301076,1909f56bfc062723c751e8b465ee728b)
Start importing Assets/Art/Textures/General using Guid(027d3c6d22dba24448790dc2b2405696) Importer(815301076,1909f56bfc062723c751e8b465ee728b)  -> (artifact id: 'fd27ac4c85e63b6d993e7b7d83988935') in 0.095323 seconds
  Import took 0.184968 seconds .

========================================================================
Received Import Request.
  Time since last request: 2.218919 seconds.
  path: Assets/Art/Textures/LightCookie
  artifactKey: Guid(c049a7692350a914cb2ba1f79a47dbec) Importer(815301076,1909f56bfc062723c751e8b465ee728b)
Start importing Assets/Art/Textures/LightCookie using Guid(c049a7692350a914cb2ba1f79a47dbec) Importer(815301076,1909f56bfc062723c751e8b465ee728b)  -> (artifact id: '88aeea32df894236eb3a0de85e6d40c3') in 0.051372 seconds
  Import took 0.179907 seconds .

========================================================================
Received Import Request.
  Time since last request: 2.494609 seconds.
  path: Assets/Art/Textures/VFX/BamBoo_Leaves_Albedo.png
  artifactKey: Guid(8a51867cd75a2a7438c127fd7ae830e3) Importer(815301076,1909f56bfc062723c751e8b465ee728b)
Start importing Assets/Art/Textures/VFX/BamBoo_Leaves_Albedo.png using Guid(8a51867cd75a2a7438c127fd7ae830e3) Importer(815301076,1909f56bfc062723c751e8b465ee728b)  -> (artifact id: '2f977342550f55b0f7c97b106b1a4d21') in 1.047388 seconds
  Import took 1.160710 seconds .

========================================================================
Received Import Request.
  Time since last request: 0.006873 seconds.
  path: Assets/Art/Textures
  artifactKey: Guid(0477bc1317048144f898051a91b94444) Importer(815301076,1909f56bfc062723c751e8b465ee728b)
Start importing Assets/Art/Textures using Guid(0477bc1317048144f898051a91b94444) Importer(815301076,1909f56bfc062723c751e8b465ee728b)  -> (artifact id: '6718c54e4a04c845f75335a1ce0a7643') in 0.087893 seconds
  Import took 0.202109 seconds .

========================================================================
Received Import Request.
  Time since last request: 0.000299 seconds.
  path: Assets/Art/Textures/VFX/BamBoo_Leaves_Normal.png
  artifactKey: Guid(5f32f45b35afc554ca8d0bbae0fb2f0c) Importer(815301076,1909f56bfc062723c751e8b465ee728b)
Start importing Assets/Art/Textures/VFX/BamBoo_Leaves_Normal.png using Guid(5f32f45b35afc554ca8d0bbae0fb2f0c) Importer(815301076,1909f56bfc062723c751e8b465ee728b)  -> (artifact id: 'e7b3cf5d490c5dcdbd027ef7ce16d191') in 0.505866 seconds
  Import took 0.531605 seconds .

========================================================================
Received Import Request.
  Time since last request: 40.776223 seconds.
  path: Assets/Art/Particles/FloatingDust.vfx
  artifactKey: Guid(49807342fca141243b63eda5ee636c9d) Importer(815301076,1909f56bfc062723c751e8b465ee728b)
Start importing Assets/Art/Particles/FloatingDust.vfx using Guid(49807342fca141243b63eda5ee636c9d) Importer(815301076,1909f56bfc062723c751e8b465ee728b)  -> (artifact id: '518faa956d733cffdb1697899b86208d') in 0.374889 seconds
  Import took 0.422455 seconds .

========================================================================
Received Import Request.
  Time since last request: 0.332890 seconds.
  path: Assets/Art/Particles/FloatingDust.vfx
  artifactKey: Guid(49807342fca141243b63eda5ee636c9d) Importer(815301076,1909f56bfc062723c751e8b465ee728b)
Start importing Assets/Art/Particles/FloatingDust.vfx using Guid(49807342fca141243b63eda5ee636c9d) Importer(815301076,1909f56bfc062723c751e8b465ee728b)  -> (artifact id: '518faa956d733cffdb1697899b86208d') in 4.942589 seconds
  Import took 4.953370 seconds .

========================================================================
Received Import Request.
  Time since last request: 43.529203 seconds.
  path: Assets/HDRPDefaultResources
  artifactKey: Guid(abc661c586a9116428571bb17ea1a331) Importer(815301076,1909f56bfc062723c751e8b465ee728b)
Start importing Assets/HDRPDefaultResources using Guid(abc661c586a9116428571bb17ea1a331) Importer(815301076,1909f56bfc062723c751e8b465ee728b)  -> (artifact id: '210fd434c15eff1bf4cef9bc33527cd4') in 0.005265 seconds
  Import took 0.011003 seconds .

========================================================================
Received Import Request.
  Time since last request: 0.002201 seconds.
  path: Assets/HDRPDefaultResources
  artifactKey: Guid(abc661c586a9116428571bb17ea1a331) Importer(815301076,1909f56bfc062723c751e8b465ee728b)
Start importing Assets/HDRPDefaultResources using Guid(abc661c586a9116428571bb17ea1a331) Importer(815301076,1909f56bfc062723c751e8b465ee728b)  -> (artifact id: '210fd434c15eff1bf4cef9bc33527cd4') in 0.002500 seconds
  Import took 0.007374 seconds .

========================================================================
Received Prepare
Registering precompiled user dll's ...
Registered in 0.001214 seconds.
Begin MonoManager ReloadAssembly
Native extension for WindowsStandalone target not found
Refreshing native plugins compatible for Editor in 0.43 ms, found 0 plugins.
Preloading 0 native plugins for Editor in 0.00 ms.
Invoked RoslynAnalysisRunner static constructor.
RoslynAnalysisRunner will not be running.
RoslynAnalysisRunner has terminated.
Mono: successfully reloaded assembly
- Completed reload, in  0.873 seconds
Platform modules already initialized, skipping
Refreshing native plugins compatible for Editor in 0.44 ms, found 0 plugins.
Preloading 0 native plugins for Editor in 0.00 ms.
Unloading 3213 Unused Serialized files (Serialized files now loaded: 0)
System memory in use before: 160.2 MB.
System memory in use after: 156.7 MB.

Unloading 43 unused Assets to reduce memory usage. Loaded Objects now: 3889.
Total: 5.232700 ms (FindLiveObjects: 0.454800 ms CreateObjectMapping: 0.215700 ms MarkObjects: 1.841000 ms  DeleteObjects: 2.719800 ms)

========================================================================
Received Import Request.
  Time since last request: 15.905181 seconds.
  path: Assets/Settings/DiffusionProfiles
  artifactKey: Guid(40243337f532638439a30b89bc3ead44) Importer(815301076,1909f56bfc062723c751e8b465ee728b)
Start importing Assets/Settings/DiffusionProfiles using Guid(40243337f532638439a30b89bc3ead44) Importer(815301076,1909f56bfc062723c751e8b465ee728b)  -> (artifact id: '612a941f4ba2ad1d52c68ae07cd25e60') in 0.007542 seconds
  Import took 0.012563 seconds .

========================================================================
Received Import Request.
  Time since last request: 0.478884 seconds.
  path: Assets/Settings/Volumes
  artifactKey: Guid(0edf0c3665235f9448abd4deb0e40bbd) Importer(815301076,1909f56bfc062723c751e8b465ee728b)
Start importing Assets/Settings/Volumes using Guid(0edf0c3665235f9448abd4deb0e40bbd) Importer(815301076,1909f56bfc062723c751e8b465ee728b)  -> (artifact id: '0be1b3e02ffa1f7a90e00dfba14fad8a') in 0.005357 seconds
  Import took 0.009923 seconds .

========================================================================
Received Import Request.
  Time since last request: 0.001215 seconds.
  path: Assets/Settings/Volumes
  artifactKey: Guid(0edf0c3665235f9448abd4deb0e40bbd) Importer(815301076,1909f56bfc062723c751e8b465ee728b)
Start importing Assets/Settings/Volumes using Guid(0edf0c3665235f9448abd4deb0e40bbd) Importer(815301076,1909f56bfc062723c751e8b465ee728b)  -> (artifact id: '0be1b3e02ffa1f7a90e00dfba14fad8a') in 0.002063 seconds
  Import took 0.007672 seconds .

========================================================================
Received Import Request.
  Time since last request: 4.637752 seconds.
  path: Assets/TutorialInfo
  artifactKey: Guid(49110bb8dcada46328ad741970bce702) Importer(815301076,1909f56bfc062723c751e8b465ee728b)
Start importing Assets/TutorialInfo using Guid(49110bb8dcada46328ad741970bce702) Importer(815301076,1909f56bfc062723c751e8b465ee728b)  -> (artifact id: 'c3058c7470635987426425681463182b') in 0.005282 seconds
  Import took 0.010459 seconds .

========================================================================
Received Import Request.
  Time since last request: 0.000807 seconds.
  path: Assets/TutorialInfo
  artifactKey: Guid(49110bb8dcada46328ad741970bce702) Importer(815301076,1909f56bfc062723c751e8b465ee728b)
Start importing Assets/TutorialInfo using Guid(49110bb8dcada46328ad741970bce702) Importer(815301076,1909f56bfc062723c751e8b465ee728b)  -> (artifact id: 'c3058c7470635987426425681463182b') in 0.002244 seconds
  Import took 0.006550 seconds .

========================================================================
Received Import Request.
  Time since last request: 1.154065 seconds.
  path: Assets/TutorialInfo/Icons
  artifactKey: Guid(8a0c9218a650547d98138cd835033977) Importer(815301076,1909f56bfc062723c751e8b465ee728b)
Start importing Assets/TutorialInfo/Icons using Guid(8a0c9218a650547d98138cd835033977) Importer(815301076,1909f56bfc062723c751e8b465ee728b)  -> (artifact id: '6ef82681a38a9c0002473ed48a740662') in 0.006194 seconds
  Import took 0.010876 seconds .

========================================================================
Received Import Request.
  Time since last request: 0.000220 seconds.
  path: Assets/TutorialInfo/Icons
  artifactKey: Guid(8a0c9218a650547d98138cd835033977) Importer(815301076,1909f56bfc062723c751e8b465ee728b)
Start importing Assets/TutorialInfo/Icons using Guid(8a0c9218a650547d98138cd835033977) Importer(815301076,1909f56bfc062723c751e8b465ee728b)  -> (artifact id: '6ef82681a38a9c0002473ed48a740662') in 0.002115 seconds
  Import took 0.006421 seconds .

========================================================================
Received Prepare
Registering precompiled user dll's ...
Registered in 0.001228 seconds.
Begin MonoManager ReloadAssembly
Native extension for WindowsStandalone target not found
Refreshing native plugins compatible for Editor in 0.43 ms, found 0 plugins.
Preloading 0 native plugins for Editor in 0.00 ms.
Invoked RoslynAnalysisRunner static constructor.
RoslynAnalysisRunner will not be running.
RoslynAnalysisRunner has terminated.
Mono: successfully reloaded assembly
- Completed reload, in  0.854 seconds
Platform modules already initialized, skipping
Refreshing native plugins compatible for Editor in 0.45 ms, found 0 plugins.
Preloading 0 native plugins for Editor in 0.00 ms.
Unloading 3211 Unused Serialized files (Serialized files now loaded: 0)
System memory in use before: 160.2 MB.
System memory in use after: 156.8 MB.

Unloading 41 unused Assets to reduce memory usage. Loaded Objects now: 3890.
Total: 5.970300 ms (FindLiveObjects: 0.286000 ms CreateObjectMapping: 0.161300 ms MarkObjects: 2.413500 ms  DeleteObjects: 3.108300 ms)

========================================================================
Received Import Request.
  Time since last request: 10.209686 seconds.
  path: Assets/Settings
  artifactKey: Guid(006b6043041431d4d909ad5f958582cb) Importer(815301076,1909f56bfc062723c751e8b465ee728b)
Start importing Assets/Settings using Guid(006b6043041431d4d909ad5f958582cb) Importer(815301076,1909f56bfc062723c751e8b465ee728b)  -> (artifact id: '383600d59165e1919a5e5d8a75d4bfe6') in 0.007992 seconds
  Import took 0.013018 seconds .

========================================================================
Received Import Request.
  Time since last request: 0.000302 seconds.
  path: Assets/Settings
  artifactKey: Guid(006b6043041431d4d909ad5f958582cb) Importer(815301076,1909f56bfc062723c751e8b465ee728b)
Start importing Assets/Settings using Guid(006b6043041431d4d909ad5f958582cb) Importer(815301076,1909f56bfc062723c751e8b465ee728b)  -> (artifact id: '383600d59165e1919a5e5d8a75d4bfe6') in 0.002052 seconds
  Import took 0.006654 seconds .

========================================================================
Received Import Request.
  Time since last request: 1.659901 seconds.
  path: Assets/HDRPDefaultResources/DefaultSceneRoot.prefab
  artifactKey: Guid(2bfa7b9d63fa79e4abdc033f54a868d2) Importer(815301076,1909f56bfc062723c751e8b465ee728b)
Start importing Assets/HDRPDefaultResources/DefaultSceneRoot.prefab using Guid(2bfa7b9d63fa79e4abdc033f54a868d2) Importer(815301076,1909f56bfc062723c751e8b465ee728b)  -> (artifact id: '8dfbe351cac5c4d20bd1ffb2df2c3873') in 0.031871 seconds
  Import took 0.037816 seconds .

========================================================================
Received Import Request.
  Time since last request: 0.488409 seconds.
  path: Assets/HDRPDefaultResources/HDRPDefaultSettings.asset
  artifactKey: Guid(582adbd84082fdb4faf7cd4beb1ccd14) Importer(815301076,1909f56bfc062723c751e8b465ee728b)
Start importing Assets/HDRPDefaultResources/HDRPDefaultSettings.asset using Guid(582adbd84082fdb4faf7cd4beb1ccd14) Importer(815301076,1909f56bfc062723c751e8b465ee728b)  -> (artifact id: '86f46344cb72690eadae102d4c06c358') in 0.006271 seconds
  Import took 0.010645 seconds .

========================================================================
Received Import Request.
  Time since last request: 0.008587 seconds.
  path: Assets/HDRPDefaultResources/HDRPDefaultSettings.asset
  artifactKey: Guid(582adbd84082fdb4faf7cd4beb1ccd14) Importer(815301076,1909f56bfc062723c751e8b465ee728b)
Start importing Assets/HDRPDefaultResources/HDRPDefaultSettings.asset using Guid(582adbd84082fdb4faf7cd4beb1ccd14) Importer(815301076,1909f56bfc062723c751e8b465ee728b)  -> (artifact id: '86f46344cb72690eadae102d4c06c358') in 0.003416 seconds
  Import took 0.008066 seconds .

========================================================================
Received Import Request.
  Time since last request: 1.275479 seconds.
  path: Assets/HDRPDefaultResources/DefaultHDRISky.exr
  artifactKey: Guid(54a3a0570aebe8949bec4966f1376581) Importer(815301076,1909f56bfc062723c751e8b465ee728b)
Start importing Assets/HDRPDefaultResources/DefaultHDRISky.exr using Guid(54a3a0570aebe8949bec4966f1376581) Importer(815301076,1909f56bfc062723c751e8b465ee728b)  -> (artifact id: '57caf94667adb7eff92321de74d2c43c') in 0.046245 seconds
  Import took 0.050715 seconds .

